<?xml version="1.0" encoding="UTF-8"?>
<coverage generated="1736836881285" clover="3.2.0">
  <project timestamp="1736836881285" name="All files">
    <metrics statements="113" coveredstatements="47" conditionals="36" coveredconditionals="13" methods="51" coveredmethods="17" elements="200" coveredelements="77" complexity="0" loc="113" ncloc="113" packages="3" files="5" classes="5"/>
    <package name="src">
      <metrics statements="50" coveredstatements="25" conditionals="24" coveredconditionals="13" methods="24" coveredmethods="8"/>
      <file name="App.jsx" path="C:\Users\Gabriel Santos\OneDrive\Desktop\fullStackOpen\part5\bloglist-frontend\src\App.jsx">
        <metrics statements="50" coveredstatements="25" conditionals="24" coveredconditionals="13" methods="24" coveredmethods="8"/>
        <line num="9" count="1" type="stmt"/>
        <line num="10" count="5" type="stmt"/>
        <line num="11" count="5" type="stmt"/>
        <line num="12" count="5" type="stmt"/>
        <line num="13" count="5" type="stmt"/>
        <line num="14" count="5" type="stmt"/>
        <line num="15" count="5" type="stmt"/>
        <line num="16" count="5" type="stmt"/>
        <line num="17" count="5" type="stmt"/>
        <line num="19" count="5" type="stmt"/>
        <line num="20" count="5" type="cond" truecount="2" falsecount="0"/>
        <line num="21" count="2" type="stmt"/>
        <line num="25" count="5" type="stmt"/>
        <line num="26" count="3" type="stmt"/>
        <line num="27" count="3" type="cond" truecount="2" falsecount="0"/>
        <line num="28" count="2" type="stmt"/>
        <line num="29" count="2" type="stmt"/>
        <line num="33" count="5" type="stmt"/>
        <line num="34" count="3" type="cond" truecount="1" falsecount="1"/>
        <line num="35" count="0" type="stmt"/>
        <line num="36" count="0" type="stmt"/>
        <line num="37" count="0" type="stmt"/>
        <line num="42" count="5" type="stmt"/>
        <line num="43" count="3" type="cond" truecount="1" falsecount="1"/>
        <line num="44" count="0" type="stmt"/>
        <line num="45" count="0" type="stmt"/>
        <line num="46" count="0" type="stmt"/>
        <line num="52" count="0" type="stmt"/>
        <line num="56" count="0" type="stmt"/>
        <line num="59" count="0" type="stmt"/>
        <line num="61" count="0" type="stmt"/>
        <line num="62" count="0" type="stmt"/>
        <line num="63" count="0" type="stmt"/>
        <line num="66" count="0" type="stmt"/>
        <line num="67" count="0" type="stmt"/>
        <line num="68" count="0" type="stmt"/>
        <line num="69" count="0" type="stmt"/>
        <line num="74" count="0" type="stmt"/>
        <line num="75" count="0" type="stmt"/>
        <line num="79" count="3" type="stmt"/>
        <line num="89" count="0" type="stmt"/>
        <line num="99" count="0" type="stmt"/>
        <line num="106" count="0" type="stmt"/>
        <line num="112" count="0" type="stmt"/>
        <line num="124" count="2" type="stmt"/>
        <line num="126" count="2" type="stmt"/>
        <line num="138" count="0" type="stmt"/>
        <line num="143" count="0" type="stmt"/>
        <line num="154" count="0" type="stmt"/>
        <line num="169" count="5" type="cond" truecount="2" falsecount="0"/>
      </file>
    </package>
    <package name="src.components">
      <metrics statements="45" coveredstatements="10" conditionals="12" coveredconditionals="0" methods="21" coveredmethods="6"/>
      <file name="Blog.jsx" path="C:\Users\Gabriel Santos\OneDrive\Desktop\fullStackOpen\part5\bloglist-frontend\src\components\Blog.jsx">
        <metrics statements="29" coveredstatements="0" conditionals="12" coveredconditionals="0" methods="12" coveredmethods="0"/>
        <line num="14" count="0" type="stmt"/>
        <line num="24" count="0" type="stmt"/>
        <line num="26" count="0" type="stmt"/>
        <line num="27" count="0" type="stmt"/>
        <line num="28" count="0" type="stmt"/>
        <line num="29" count="0" type="stmt"/>
        <line num="32" count="0" type="stmt"/>
        <line num="34" count="0" type="stmt"/>
        <line num="35" count="0" type="stmt"/>
        <line num="36" count="0" type="stmt"/>
        <line num="39" count="0" type="stmt"/>
        <line num="43" count="0" type="cond" truecount="0" falsecount="2"/>
        <line num="44" count="0" type="stmt"/>
        <line num="46" count="0" type="stmt"/>
        <line num="47" count="0" type="stmt"/>
        <line num="48" count="0" type="stmt"/>
        <line num="49" count="0" type="stmt"/>
        <line num="52" count="0" type="stmt"/>
        <line num="54" count="0" type="stmt"/>
        <line num="55" count="0" type="stmt"/>
        <line num="56" count="0" type="stmt"/>
        <line num="61" count="0" type="stmt"/>
        <line num="63" count="0" type="stmt"/>
        <line num="69" count="0" type="cond" truecount="0" falsecount="2"/>
        <line num="70" count="0" type="stmt"/>
        <line num="83" count="0" type="stmt"/>
        <line num="91" count="0" type="stmt"/>
        <line num="104" count="0" type="stmt"/>
        <line num="115" count="0" type="stmt"/>
      </file>
      <file name="CreateNewBlog.jsx" path="C:\Users\Gabriel Santos\OneDrive\Desktop\fullStackOpen\part5\bloglist-frontend\src\components\CreateNewBlog.jsx">
        <metrics statements="16" coveredstatements="10" conditionals="0" coveredconditionals="0" methods="9" coveredmethods="6"/>
        <line num="14" count="27" type="stmt"/>
        <line num="22" count="27" type="stmt"/>
        <line num="23" count="27" type="stmt"/>
        <line num="24" count="27" type="stmt"/>
        <line num="27" count="1" type="stmt"/>
        <line num="29" count="0" type="stmt"/>
        <line num="30" count="0" type="stmt"/>
        <line num="31" count="0" type="stmt"/>
        <line num="32" count="0" type="stmt"/>
        <line num="34" count="0" type="stmt"/>
        <line num="37" count="27" type="stmt"/>
        <line num="45" count="9" type="stmt"/>
        <line num="54" count="10" type="stmt"/>
        <line num="63" count="7" type="stmt"/>
        <line num="70" count="1" type="stmt"/>
        <line num="74" count="0" type="stmt"/>
      </file>
    </package>
    <package name="src.services">
      <metrics statements="18" coveredstatements="12" conditionals="0" coveredconditionals="0" methods="6" coveredmethods="3"/>
      <file name="blogs.js" path="C:\Users\Gabriel Santos\OneDrive\Desktop\fullStackOpen\part5\bloglist-frontend\src\services\blogs.js">
        <metrics statements="14" coveredstatements="8" conditionals="0" coveredconditionals="0" methods="5" coveredmethods="2"/>
        <line num="2" count="1" type="stmt"/>
        <line num="4" count="1" type="stmt"/>
        <line num="5" count="2" type="stmt"/>
        <line num="7" count="2" type="stmt"/>
        <line num="10" count="2" type="stmt"/>
        <line num="14" count="1" type="stmt"/>
        <line num="21" count="1" type="stmt"/>
        <line num="23" count="1" type="stmt"/>
        <line num="25" count="0" type="stmt"/>
        <line num="29" count="0" type="stmt"/>
        <line num="37" count="0" type="stmt"/>
        <line num="39" count="0" type="stmt"/>
        <line num="46" count="0" type="stmt"/>
        <line num="48" count="0" type="stmt"/>
      </file>
      <file name="login.js" path="C:\Users\Gabriel Santos\OneDrive\Desktop\fullStackOpen\part5\bloglist-frontend\src\services\login.js">
        <metrics statements="4" coveredstatements="4" conditionals="0" coveredconditionals="0" methods="1" coveredmethods="1"/>
        <line num="3" count="1" type="stmt"/>
        <line num="5" count="1" type="stmt"/>
        <line num="6" count="1" type="stmt"/>
        <line num="7" count="1" type="stmt"/>
      </file>
    </package>
  </project>
</coverage>
