{"C:\\Users\\Gabriel Santos\\OneDrive\\Desktop\\fullStackOpen\\part5\\bloglist-frontend\\src\\App.jsx": {"path":"C:\\Users\\Gabriel Santos\\OneDrive\\Desktop\\fullStackOpen\\part5\\bloglist-frontend\\src\\App.jsx","statementMap":{"0":{"start":{"line":9,"column":12},"end":{"line":170,"column":1}},"1":{"start":{"line":10,"column":28},"end":{"line":10,"column":40}},"2":{"start":{"line":11,"column":26},"end":{"line":11,"column":40}},"3":{"start":{"line":12,"column":34},"end":{"line":12,"column":46}},"4":{"start":{"line":13,"column":34},"end":{"line":13,"column":46}},"5":{"start":{"line":14,"column":32},"end":{"line":14,"column":46}},"6":{"start":{"line":15,"column":42},"end":{"line":15,"column":57}},"7":{"start":{"line":16,"column":24},"end":{"line":16,"column":39}},"8":{"start":{"line":17,"column":50},"end":{"line":17,"column":65}},"9":{"start":{"line":19,"column":2},"end":{"line":23,"column":12}},"10":{"start":{"line":20,"column":4},"end":{"line":22,"column":5}},"11":{"start":{"line":21,"column":6},"end":{"line":21,"column":51}},"12":{"start":{"line":21,"column":35},"end":{"line":21,"column":50}},"13":{"start":{"line":25,"column":2},"end":{"line":31,"column":8}},"14":{"start":{"line":26,"column":27},"end":{"line":26,"column":75}},"15":{"start":{"line":27,"column":4},"end":{"line":30,"column":5}},"16":{"start":{"line":28,"column":19},"end":{"line":28,"column":45}},"17":{"start":{"line":29,"column":6},"end":{"line":29,"column":19}},"18":{"start":{"line":33,"column":2},"end":{"line":40,"column":20}},"19":{"start":{"line":34,"column":4},"end":{"line":39,"column":5}},"20":{"start":{"line":35,"column":6},"end":{"line":38,"column":14}},"21":{"start":{"line":36,"column":8},"end":{"line":36,"column":30}},"22":{"start":{"line":37,"column":8},"end":{"line":37,"column":24}},"23":{"start":{"line":42,"column":2},"end":{"line":49,"column":11}},"24":{"start":{"line":43,"column":4},"end":{"line":48,"column":5}},"25":{"start":{"line":44,"column":6},"end":{"line":47,"column":14}},"26":{"start":{"line":45,"column":8},"end":{"line":45,"column":21}},"27":{"start":{"line":46,"column":8},"end":{"line":46,"column":24}},"28":{"start":{"line":52,"column":4},"end":{"line":52,"column":49}},"29":{"start":{"line":52,"column":33},"end":{"line":52,"column":48}},"30":{"start":{"line":56,"column":4},"end":{"line":70,"column":8}},"31":{"start":{"line":59,"column":8},"end":{"line":59,"column":78}},"32":{"start":{"line":61,"column":8},"end":{"line":61,"column":21}},"33":{"start":{"line":62,"column":8},"end":{"line":62,"column":23}},"34":{"start":{"line":63,"column":8},"end":{"line":63,"column":23}},"35":{"start":{"line":66,"column":8},"end":{"line":66,"column":23}},"36":{"start":{"line":67,"column":8},"end":{"line":67,"column":23}},"37":{"start":{"line":68,"column":8},"end":{"line":68,"column":48}},"38":{"start":{"line":69,"column":8},"end":{"line":69,"column":29}},"39":{"start":{"line":74,"column":4},"end":{"line":74,"column":31}},"40":{"start":{"line":75,"column":4},"end":{"line":75,"column":17}},"41":{"start":{"line":79,"column":4},"end":{"line":108,"column":5}},"42":{"start":{"line":89,"column":38},"end":{"line":89,"column":63}},"43":{"start":{"line":99,"column":38},"end":{"line":99,"column":63}},"44":{"start":{"line":106,"column":50},"end":{"line":106,"column":63}},"45":{"start":{"line":112,"column":4},"end":{"line":120,"column":5}},"46":{"start":{"line":124,"column":21},"end":{"line":124,"column":60}},"47":{"start":{"line":124,"column":42},"end":{"line":124,"column":59}},"48":{"start":{"line":126,"column":4},"end":{"line":166,"column":5}},"49":{"start":{"line":138,"column":51},"end":{"line":138,"column":65}},"50":{"start":{"line":143,"column":25},"end":{"line":143,"column":63}},"51":{"start":{"line":154,"column":10},"end":{"line":163,"column":12}},"52":{"start":{"line":169,"column":2},"end":{"line":169,"column":65}}},"fnMap":{"0":{"name":"(anonymous_0)","decl":{"start":{"line":9,"column":12},"end":{"line":9,"column":13}},"loc":{"start":{"line":9,"column":18},"end":{"line":170,"column":1}},"line":9},"1":{"name":"(anonymous_1)","decl":{"start":{"line":19,"column":12},"end":{"line":19,"column":13}},"loc":{"start":{"line":19,"column":18},"end":{"line":23,"column":3}},"line":19},"2":{"name":"(anonymous_2)","decl":{"start":{"line":21,"column":24},"end":{"line":21,"column":25}},"loc":{"start":{"line":21,"column":35},"end":{"line":21,"column":50}},"line":21},"3":{"name":"(anonymous_3)","decl":{"start":{"line":25,"column":12},"end":{"line":25,"column":13}},"loc":{"start":{"line":25,"column":18},"end":{"line":31,"column":3}},"line":25},"4":{"name":"(anonymous_4)","decl":{"start":{"line":33,"column":12},"end":{"line":33,"column":13}},"loc":{"start":{"line":33,"column":18},"end":{"line":40,"column":3}},"line":33},"5":{"name":"(anonymous_5)","decl":{"start":{"line":35,"column":17},"end":{"line":35,"column":18}},"loc":{"start":{"line":35,"column":23},"end":{"line":38,"column":7}},"line":35},"6":{"name":"(anonymous_6)","decl":{"start":{"line":42,"column":12},"end":{"line":42,"column":13}},"loc":{"start":{"line":42,"column":18},"end":{"line":49,"column":3}},"line":42},"7":{"name":"(anonymous_7)","decl":{"start":{"line":44,"column":17},"end":{"line":44,"column":18}},"loc":{"start":{"line":44,"column":23},"end":{"line":47,"column":7}},"line":44},"8":{"name":"updateAtualBlogs","decl":{"start":{"line":51,"column":11},"end":{"line":51,"column":27}},"loc":{"start":{"line":51,"column":30},"end":{"line":53,"column":3}},"line":51},"9":{"name":"(anonymous_9)","decl":{"start":{"line":52,"column":22},"end":{"line":52,"column":23}},"loc":{"start":{"line":52,"column":33},"end":{"line":52,"column":48}},"line":52},"10":{"name":"handleLogin","decl":{"start":{"line":55,"column":11},"end":{"line":55,"column":22}},"loc":{"start":{"line":55,"column":25},"end":{"line":71,"column":3}},"line":55},"11":{"name":"(anonymous_11)","decl":{"start":{"line":58,"column":12},"end":{"line":58,"column":13}},"loc":{"start":{"line":58,"column":22},"end":{"line":64,"column":7}},"line":58},"12":{"name":"(anonymous_12)","decl":{"start":{"line":65,"column":13},"end":{"line":65,"column":14}},"loc":{"start":{"line":65,"column":19},"end":{"line":70,"column":7}},"line":65},"13":{"name":"handleLogout","decl":{"start":{"line":73,"column":11},"end":{"line":73,"column":23}},"loc":{"start":{"line":73,"column":26},"end":{"line":76,"column":3}},"line":73},"14":{"name":"formLogin","decl":{"start":{"line":78,"column":11},"end":{"line":78,"column":20}},"loc":{"start":{"line":78,"column":23},"end":{"line":109,"column":3}},"line":78},"15":{"name":"(anonymous_15)","decl":{"start":{"line":89,"column":22},"end":{"line":89,"column":23}},"loc":{"start":{"line":89,"column":38},"end":{"line":89,"column":63}},"line":89},"16":{"name":"(anonymous_16)","decl":{"start":{"line":99,"column":22},"end":{"line":99,"column":23}},"loc":{"start":{"line":99,"column":38},"end":{"line":99,"column":63}},"line":99},"17":{"name":"(anonymous_17)","decl":{"start":{"line":106,"column":43},"end":{"line":106,"column":44}},"loc":{"start":{"line":106,"column":49},"end":{"line":106,"column":64}},"line":106},"18":{"name":"returnFormCreateBlog","decl":{"start":{"line":111,"column":11},"end":{"line":111,"column":31}},"loc":{"start":{"line":111,"column":34},"end":{"line":121,"column":3}},"line":111},"19":{"name":"blogsLogged","decl":{"start":{"line":123,"column":11},"end":{"line":123,"column":22}},"loc":{"start":{"line":123,"column":25},"end":{"line":167,"column":3}},"line":123},"20":{"name":"(anonymous_20)","decl":{"start":{"line":124,"column":32},"end":{"line":124,"column":33}},"loc":{"start":{"line":124,"column":42},"end":{"line":124,"column":59}},"line":124},"21":{"name":"(anonymous_21)","decl":{"start":{"line":138,"column":45},"end":{"line":138,"column":46}},"loc":{"start":{"line":138,"column":51},"end":{"line":138,"column":65}},"line":138},"22":{"name":"(anonymous_22)","decl":{"start":{"line":143,"column":19},"end":{"line":143,"column":20}},"loc":{"start":{"line":143,"column":25},"end":{"line":143,"column":63}},"line":143},"23":{"name":"(anonymous_23)","decl":{"start":{"line":153,"column":24},"end":{"line":153,"column":25}},"loc":{"start":{"line":154,"column":10},"end":{"line":163,"column":12}},"line":154}},"branchMap":{"0":{"loc":{"start":{"line":20,"column":4},"end":{"line":22,"column":5}},"type":"if","locations":[{"start":{"line":20,"column":4},"end":{"line":22,"column":5}},{"start":{},"end":{}}],"line":20},"1":{"loc":{"start":{"line":27,"column":4},"end":{"line":30,"column":5}},"type":"if","locations":[{"start":{"line":27,"column":4},"end":{"line":30,"column":5}},{"start":{},"end":{}}],"line":27},"2":{"loc":{"start":{"line":34,"column":4},"end":{"line":39,"column":5}},"type":"if","locations":[{"start":{"line":34,"column":4},"end":{"line":39,"column":5}},{"start":{},"end":{}}],"line":34},"3":{"loc":{"start":{"line":43,"column":4},"end":{"line":48,"column":5}},"type":"if","locations":[{"start":{"line":43,"column":4},"end":{"line":48,"column":5}},{"start":{},"end":{}}],"line":43},"4":{"loc":{"start":{"line":82,"column":9},"end":{"line":84,"column":9}},"type":"binary-expr","locations":[{"start":{"line":82,"column":9},"end":{"line":82,"column":21}},{"start":{"line":82,"column":25},"end":{"line":82,"column":30}},{"start":{"line":83,"column":10},"end":{"line":83,"column":51}}],"line":82},"5":{"loc":{"start":{"line":130,"column":9},"end":{"line":134,"column":9}},"type":"binary-expr","locations":[{"start":{"line":130,"column":9},"end":{"line":130,"column":21}},{"start":{"line":130,"column":25},"end":{"line":130,"column":29}},{"start":{"line":131,"column":10},"end":{"line":133,"column":16}}],"line":130},"6":{"loc":{"start":{"line":131,"column":19},"end":{"line":131,"column":64}},"type":"cond-expr","locations":[{"start":{"line":131,"column":25},"end":{"line":131,"column":42}},{"start":{"line":131,"column":45},"end":{"line":131,"column":64}}],"line":131},"7":{"loc":{"start":{"line":142,"column":17},"end":{"line":142,"column":78}},"type":"cond-expr","locations":[{"start":{"line":142,"column":36},"end":{"line":142,"column":55}},{"start":{"line":142,"column":58},"end":{"line":142,"column":78}}],"line":142},"8":{"loc":{"start":{"line":145,"column":11},"end":{"line":145,"column":52}},"type":"cond-expr","locations":[{"start":{"line":145,"column":30},"end":{"line":145,"column":32}},{"start":{"line":145,"column":35},"end":{"line":145,"column":52}}],"line":145},"9":{"loc":{"start":{"line":148,"column":9},"end":{"line":148,"column":51}},"type":"binary-expr","locations":[{"start":{"line":148,"column":9},"end":{"line":148,"column":25}},{"start":{"line":148,"column":29},"end":{"line":148,"column":51}}],"line":148},"10":{"loc":{"start":{"line":169,"column":15},"end":{"line":169,"column":58}},"type":"cond-expr","locations":[{"start":{"line":169,"column":31},"end":{"line":169,"column":42}},{"start":{"line":169,"column":45},"end":{"line":169,"column":58}}],"line":169}},"s":{"0":1,"1":5,"2":5,"3":5,"4":5,"5":5,"6":5,"7":5,"8":5,"9":5,"10":5,"11":2,"12":2,"13":5,"14":3,"15":3,"16":2,"17":2,"18":5,"19":3,"20":0,"21":0,"22":0,"23":5,"24":3,"25":0,"26":0,"27":0,"28":0,"29":0,"30":0,"31":0,"32":0,"33":0,"34":0,"35":0,"36":0,"37":0,"38":0,"39":0,"40":0,"41":3,"42":0,"43":0,"44":0,"45":0,"46":2,"47":0,"48":2,"49":0,"50":0,"51":0,"52":5},"f":{"0":5,"1":5,"2":2,"3":3,"4":3,"5":0,"6":3,"7":0,"8":0,"9":0,"10":0,"11":0,"12":0,"13":0,"14":3,"15":0,"16":0,"17":0,"18":0,"19":2,"20":0,"21":0,"22":0,"23":0},"b":{"0":[2,3],"1":[2,1],"2":[0,3],"3":[0,3],"4":[3,0,0],"5":[2,0,0],"6":[0,0],"7":[0,2],"8":[0,2],"9":[2,0],"10":[3,2]},"_coverageSchema":"1a1c01bbd47fc00a2c39e90264f33305004495a9","hash":"0cb69429bdc8c88d4ec6fb927b4e70596218402e"}
,"C:\\Users\\Gabriel Santos\\OneDrive\\Desktop\\fullStackOpen\\part5\\bloglist-frontend\\src\\components\\Blog.jsx": {"path":"C:\\Users\\Gabriel Santos\\OneDrive\\Desktop\\fullStackOpen\\part5\\bloglist-frontend\\src\\components\\Blog.jsx","statementMap":{"0":{"start":{"line":14,"column":2},"end":{"line":22,"column":3}},"1":{"start":{"line":24,"column":40},"end":{"line":24,"column":55}},"2":{"start":{"line":26,"column":21},"end":{"line":26,"column":41}},"3":{"start":{"line":27,"column":23},"end":{"line":27,"column":45}},"4":{"start":{"line":28,"column":21},"end":{"line":28,"column":41}},"5":{"start":{"line":29,"column":21},"end":{"line":29,"column":41}},"6":{"start":{"line":32,"column":4},"end":{"line":39,"column":43}},"7":{"start":{"line":34,"column":8},"end":{"line":34,"column":41}},"8":{"start":{"line":35,"column":8},"end":{"line":35,"column":29}},"9":{"start":{"line":36,"column":8},"end":{"line":36,"column":26}},"10":{"start":{"line":39,"column":24},"end":{"line":39,"column":42}},"11":{"start":{"line":43,"column":4},"end":{"line":57,"column":5}},"12":{"start":{"line":44,"column":6},"end":{"line":52,"column":45}},"13":{"start":{"line":46,"column":10},"end":{"line":46,"column":22}},"14":{"start":{"line":47,"column":10},"end":{"line":47,"column":45}},"15":{"start":{"line":48,"column":10},"end":{"line":48,"column":31}},"16":{"start":{"line":49,"column":10},"end":{"line":49,"column":28}},"17":{"start":{"line":52,"column":26},"end":{"line":52,"column":44}},"18":{"start":{"line":54,"column":6},"end":{"line":54,"column":37}},"19":{"start":{"line":55,"column":6},"end":{"line":55,"column":27}},"20":{"start":{"line":56,"column":6},"end":{"line":56,"column":18}},"21":{"start":{"line":61,"column":4},"end":{"line":65,"column":5}},"22":{"start":{"line":63,"column":51},"end":{"line":63,"column":70}},"23":{"start":{"line":69,"column":2},"end":{"line":126,"column":3}},"24":{"start":{"line":70,"column":4},"end":{"line":89,"column":5}},"25":{"start":{"line":83,"column":12},"end":{"line":83,"column":32}},"26":{"start":{"line":91,"column":4},"end":{"line":125,"column":5}},"27":{"start":{"line":104,"column":12},"end":{"line":104,"column":33}},"28":{"start":{"line":115,"column":10},"end":{"line":115,"column":37}}},"fnMap":{"0":{"name":"Blog","decl":{"start":{"line":5,"column":24},"end":{"line":5,"column":28}},"loc":{"start":{"line":13,"column":3},"end":{"line":127,"column":1}},"line":13},"1":{"name":"clickLikeButton","decl":{"start":{"line":31,"column":17},"end":{"line":31,"column":32}},"loc":{"start":{"line":31,"column":39},"end":{"line":40,"column":3}},"line":31},"2":{"name":"(anonymous_2)","decl":{"start":{"line":33,"column":12},"end":{"line":33,"column":13}},"loc":{"start":{"line":33,"column":18},"end":{"line":37,"column":7}},"line":33},"3":{"name":"(anonymous_3)","decl":{"start":{"line":39,"column":13},"end":{"line":39,"column":14}},"loc":{"start":{"line":39,"column":24},"end":{"line":39,"column":42}},"line":39},"4":{"name":"clickButtonDelete","decl":{"start":{"line":42,"column":17},"end":{"line":42,"column":34}},"loc":{"start":{"line":42,"column":37},"end":{"line":58,"column":3}},"line":42},"5":{"name":"(anonymous_5)","decl":{"start":{"line":45,"column":14},"end":{"line":45,"column":15}},"loc":{"start":{"line":45,"column":20},"end":{"line":50,"column":9}},"line":45},"6":{"name":"(anonymous_6)","decl":{"start":{"line":52,"column":15},"end":{"line":52,"column":16}},"loc":{"start":{"line":52,"column":26},"end":{"line":52,"column":44}},"line":52},"7":{"name":"returnDeleteButton","decl":{"start":{"line":60,"column":11},"end":{"line":60,"column":29}},"loc":{"start":{"line":60,"column":32},"end":{"line":66,"column":3}},"line":60},"8":{"name":"(anonymous_8)","decl":{"start":{"line":63,"column":45},"end":{"line":63,"column":46}},"loc":{"start":{"line":63,"column":51},"end":{"line":63,"column":70}},"line":63},"9":{"name":"(anonymous_9)","decl":{"start":{"line":82,"column":19},"end":{"line":82,"column":20}},"loc":{"start":{"line":82,"column":25},"end":{"line":84,"column":11}},"line":82},"10":{"name":"(anonymous_10)","decl":{"start":{"line":103,"column":19},"end":{"line":103,"column":20}},"loc":{"start":{"line":103,"column":25},"end":{"line":105,"column":11}},"line":103},"11":{"name":"(anonymous_11)","decl":{"start":{"line":114,"column":19},"end":{"line":114,"column":20}},"loc":{"start":{"line":114,"column":25},"end":{"line":116,"column":11}},"line":114}},"branchMap":{"0":{"loc":{"start":{"line":43,"column":4},"end":{"line":57,"column":5}},"type":"if","locations":[{"start":{"line":43,"column":4},"end":{"line":57,"column":5}},{"start":{"line":53,"column":11},"end":{"line":57,"column":5}}],"line":43},"1":{"loc":{"start":{"line":69,"column":2},"end":{"line":126,"column":3}},"type":"if","locations":[{"start":{"line":69,"column":2},"end":{"line":126,"column":3}},{"start":{"line":90,"column":9},"end":{"line":126,"column":3}}],"line":69},"2":{"loc":{"start":{"line":81,"column":14},"end":{"line":81,"column":55}},"type":"cond-expr","locations":[{"start":{"line":81,"column":28},"end":{"line":81,"column":40}},{"start":{"line":81,"column":43},"end":{"line":81,"column":55}}],"line":81},"3":{"loc":{"start":{"line":86,"column":11},"end":{"line":86,"column":40}},"type":"cond-expr","locations":[{"start":{"line":86,"column":25},"end":{"line":86,"column":31}},{"start":{"line":86,"column":34},"end":{"line":86,"column":40}}],"line":86},"4":{"loc":{"start":{"line":107,"column":11},"end":{"line":107,"column":40}},"type":"cond-expr","locations":[{"start":{"line":107,"column":25},"end":{"line":107,"column":31}},{"start":{"line":107,"column":34},"end":{"line":107,"column":40}}],"line":107},"5":{"loc":{"start":{"line":123,"column":9},"end":{"line":123,"column":69}},"type":"binary-expr","locations":[{"start":{"line":123,"column":9},"end":{"line":123,"column":45}},{"start":{"line":123,"column":49},"end":{"line":123,"column":69}}],"line":123}},"s":{"0":0,"1":0,"2":0,"3":0,"4":0,"5":0,"6":0,"7":0,"8":0,"9":0,"10":0,"11":0,"12":0,"13":0,"14":0,"15":0,"16":0,"17":0,"18":0,"19":0,"20":0,"21":0,"22":0,"23":0,"24":0,"25":0,"26":0,"27":0,"28":0},"f":{"0":0,"1":0,"2":0,"3":0,"4":0,"5":0,"6":0,"7":0,"8":0,"9":0,"10":0,"11":0},"b":{"0":[0,0],"1":[0,0],"2":[0,0],"3":[0,0],"4":[0,0],"5":[0,0]},"_coverageSchema":"1a1c01bbd47fc00a2c39e90264f33305004495a9","hash":"5536d17ccd8ded93aa3bc3e8b9c510175b6a8422"}
,"C:\\Users\\Gabriel Santos\\OneDrive\\Desktop\\fullStackOpen\\part5\\bloglist-frontend\\src\\components\\CreateNewBlog.jsx": {"path":"C:\\Users\\Gabriel Santos\\OneDrive\\Desktop\\fullStackOpen\\part5\\bloglist-frontend\\src\\components\\CreateNewBlog.jsx","statementMap":{"0":{"start":{"line":14,"column":2},"end":{"line":20,"column":3}},"1":{"start":{"line":22,"column":28},"end":{"line":22,"column":40}},"2":{"start":{"line":23,"column":30},"end":{"line":23,"column":42}},"3":{"start":{"line":24,"column":24},"end":{"line":24,"column":36}},"4":{"start":{"line":27,"column":4},"end":{"line":34,"column":43}},"5":{"start":{"line":29,"column":8},"end":{"line":29,"column":26}},"6":{"start":{"line":30,"column":8},"end":{"line":30,"column":60}},"7":{"start":{"line":31,"column":8},"end":{"line":31,"column":29}},"8":{"start":{"line":32,"column":8},"end":{"line":32,"column":34}},"9":{"start":{"line":34,"column":24},"end":{"line":34,"column":42}},"10":{"start":{"line":37,"column":2},"end":{"line":78,"column":3}},"11":{"start":{"line":45,"column":36},"end":{"line":45,"column":58}},"12":{"start":{"line":54,"column":36},"end":{"line":54,"column":59}},"13":{"start":{"line":63,"column":36},"end":{"line":63,"column":56}},"14":{"start":{"line":70,"column":60},"end":{"line":70,"column":101}},"15":{"start":{"line":74,"column":31},"end":{"line":74,"column":57}}},"fnMap":{"0":{"name":"CreateNewBlog","decl":{"start":{"line":6,"column":24},"end":{"line":6,"column":37}},"loc":{"start":{"line":12,"column":3},"end":{"line":79,"column":1}},"line":12},"1":{"name":"clickCreateBlog","decl":{"start":{"line":26,"column":11},"end":{"line":26,"column":26}},"loc":{"start":{"line":26,"column":53},"end":{"line":35,"column":3}},"line":26},"2":{"name":"(anonymous_2)","decl":{"start":{"line":28,"column":12},"end":{"line":28,"column":13}},"loc":{"start":{"line":28,"column":18},"end":{"line":33,"column":7}},"line":28},"3":{"name":"(anonymous_3)","decl":{"start":{"line":34,"column":13},"end":{"line":34,"column":14}},"loc":{"start":{"line":34,"column":24},"end":{"line":34,"column":42}},"line":34},"4":{"name":"(anonymous_4)","decl":{"start":{"line":45,"column":20},"end":{"line":45,"column":21}},"loc":{"start":{"line":45,"column":36},"end":{"line":45,"column":58}},"line":45},"5":{"name":"(anonymous_5)","decl":{"start":{"line":54,"column":20},"end":{"line":54,"column":21}},"loc":{"start":{"line":54,"column":36},"end":{"line":54,"column":59}},"line":54},"6":{"name":"(anonymous_6)","decl":{"start":{"line":63,"column":20},"end":{"line":63,"column":21}},"loc":{"start":{"line":63,"column":36},"end":{"line":63,"column":56}},"line":63},"7":{"name":"(anonymous_7)","decl":{"start":{"line":70,"column":54},"end":{"line":70,"column":55}},"loc":{"start":{"line":70,"column":60},"end":{"line":70,"column":101}},"line":70},"8":{"name":"(anonymous_8)","decl":{"start":{"line":74,"column":25},"end":{"line":74,"column":26}},"loc":{"start":{"line":74,"column":31},"end":{"line":74,"column":57}},"line":74}},"branchMap":{},"s":{"0":27,"1":27,"2":27,"3":27,"4":1,"5":0,"6":0,"7":0,"8":0,"9":0,"10":27,"11":9,"12":10,"13":7,"14":1,"15":0},"f":{"0":27,"1":1,"2":0,"3":0,"4":9,"5":10,"6":7,"7":1,"8":0},"b":{},"_coverageSchema":"1a1c01bbd47fc00a2c39e90264f33305004495a9","hash":"32ab9978db57f49a27e207161c594b8ede2e76b8"}
,"C:\\Users\\Gabriel Santos\\OneDrive\\Desktop\\fullStackOpen\\part5\\bloglist-frontend\\src\\services\\blogs.js": {"path":"C:\\Users\\Gabriel Santos\\OneDrive\\Desktop\\fullStackOpen\\part5\\bloglist-frontend\\src\\services\\blogs.js","statementMap":{"0":{"start":{"line":2,"column":16},"end":{"line":2,"column":49}},"1":{"start":{"line":4,"column":22},"end":{"line":11,"column":1}},"2":{"start":{"line":5,"column":22},"end":{"line":5,"column":39}},"3":{"start":{"line":7,"column":18},"end":{"line":9,"column":4}},"4":{"start":{"line":10,"column":2},"end":{"line":10,"column":21}},"5":{"start":{"line":14,"column":16},"end":{"line":19,"column":3}},"6":{"start":{"line":21,"column":22},"end":{"line":21,"column":39}},"7":{"start":{"line":23,"column":2},"end":{"line":25,"column":41}},"8":{"start":{"line":25,"column":22},"end":{"line":25,"column":40}},"9":{"start":{"line":29,"column":16},"end":{"line":35,"column":3}},"10":{"start":{"line":37,"column":22},"end":{"line":37,"column":39}},"11":{"start":{"line":39,"column":2},"end":{"line":40,"column":89}},"12":{"start":{"line":46,"column":22},"end":{"line":46,"column":39}},"13":{"start":{"line":48,"column":2},"end":{"line":49,"column":83}}},"fnMap":{"0":{"name":"(anonymous_0)","decl":{"start":{"line":4,"column":22},"end":{"line":4,"column":23}},"loc":{"start":{"line":4,"column":43},"end":{"line":11,"column":1}},"line":4},"1":{"name":"createNewBlog","decl":{"start":{"line":13,"column":22},"end":{"line":13,"column":35}},"loc":{"start":{"line":13,"column":67},"end":{"line":26,"column":1}},"line":13},"2":{"name":"(anonymous_2)","decl":{"start":{"line":25,"column":11},"end":{"line":25,"column":12}},"loc":{"start":{"line":25,"column":22},"end":{"line":25,"column":40}},"line":25},"3":{"name":"likeButton","decl":{"start":{"line":28,"column":22},"end":{"line":28,"column":32}},"loc":{"start":{"line":28,"column":51},"end":{"line":42,"column":1}},"line":28},"4":{"name":"deleteBlog","decl":{"start":{"line":45,"column":22},"end":{"line":45,"column":32}},"loc":{"start":{"line":45,"column":51},"end":{"line":51,"column":1}},"line":45}},"branchMap":{},"s":{"0":1,"1":1,"2":2,"3":2,"4":2,"5":1,"6":1,"7":1,"8":0,"9":0,"10":0,"11":0,"12":0,"13":0},"f":{"0":2,"1":1,"2":0,"3":0,"4":0},"b":{},"_coverageSchema":"1a1c01bbd47fc00a2c39e90264f33305004495a9","hash":"f5f7a1d1ed61937318bbee92277763c5a5e38662"}
,"C:\\Users\\Gabriel Santos\\OneDrive\\Desktop\\fullStackOpen\\part5\\bloglist-frontend\\src\\services\\login.js": {"path":"C:\\Users\\Gabriel Santos\\OneDrive\\Desktop\\fullStackOpen\\part5\\bloglist-frontend\\src\\services\\login.js","statementMap":{"0":{"start":{"line":3,"column":16},"end":{"line":3,"column":49}},"1":{"start":{"line":5,"column":14},"end":{"line":8,"column":1}},"2":{"start":{"line":6,"column":19},"end":{"line":6,"column":68}},"3":{"start":{"line":7,"column":2},"end":{"line":7,"column":22}}},"fnMap":{"0":{"name":"(anonymous_0)","decl":{"start":{"line":5,"column":14},"end":{"line":5,"column":15}},"loc":{"start":{"line":5,"column":48},"end":{"line":8,"column":1}},"line":5}},"branchMap":{},"s":{"0":1,"1":1,"2":1,"3":1},"f":{"0":1},"b":{},"_coverageSchema":"1a1c01bbd47fc00a2c39e90264f33305004495a9","hash":"36eb67c7c3ee34799ee42b4a9a4716ec634ce4eb"}
}
