TN:
SF:src\App.jsx
FN:9,(anonymous_0)
FN:19,(anonymous_1)
FN:21,(anonymous_2)
FN:25,(anonymous_3)
FN:33,(anonymous_4)
FN:35,(anonymous_5)
FN:42,(anonymous_6)
FN:44,(anonymous_7)
FN:51,updateAtualBlogs
FN:52,(anonymous_9)
FN:55,handleLogin
FN:58,(anonymous_11)
FN:65,(anonymous_12)
FN:73,handleLogout
FN:78,formLogin
FN:89,(anonymous_15)
FN:99,(anonymous_16)
FN:106,(anonymous_17)
FN:111,returnFormCreateBlog
FN:123,blogsLogged
FN:124,(anonymous_20)
FN:138,(anonymous_21)
FN:143,(anonymous_22)
FN:153,(anonymous_23)
FNF:24
FNH:8
FNDA:5,(anonymous_0)
FNDA:5,(anonymous_1)
FNDA:2,(anonymous_2)
FNDA:3,(anonymous_3)
FNDA:3,(anonymous_4)
FNDA:0,(anonymous_5)
FNDA:3,(anonymous_6)
FNDA:0,(anonymous_7)
FNDA:0,updateAtualBlogs
FNDA:0,(anonymous_9)
FNDA:0,handleLogin
FNDA:0,(anonymous_11)
FNDA:0,(anonymous_12)
FNDA:0,handleLogout
FNDA:3,formLogin
FNDA:0,(anonymous_15)
FNDA:0,(anonymous_16)
FNDA:0,(anonymous_17)
FNDA:0,returnFormCreateBlog
FNDA:2,blogsLogged
FNDA:0,(anonymous_20)
FNDA:0,(anonymous_21)
FNDA:0,(anonymous_22)
FNDA:0,(anonymous_23)
DA:9,1
DA:10,5
DA:11,5
DA:12,5
DA:13,5
DA:14,5
DA:15,5
DA:16,5
DA:17,5
DA:19,5
DA:20,5
DA:21,2
DA:25,5
DA:26,3
DA:27,3
DA:28,2
DA:29,2
DA:33,5
DA:34,3
DA:35,0
DA:36,0
DA:37,0
DA:42,5
DA:43,3
DA:44,0
DA:45,0
DA:46,0
DA:52,0
DA:56,0
DA:59,0
DA:61,0
DA:62,0
DA:63,0
DA:66,0
DA:67,0
DA:68,0
DA:69,0
DA:74,0
DA:75,0
DA:79,3
DA:89,0
DA:99,0
DA:106,0
DA:112,0
DA:124,2
DA:126,2
DA:138,0
DA:143,0
DA:154,0
DA:169,5
LF:50
LH:25
BRDA:20,0,0,2
BRDA:20,0,1,3
BRDA:27,1,0,2
BRDA:27,1,1,1
BRDA:34,2,0,0
BRDA:34,2,1,3
BRDA:43,3,0,0
BRDA:43,3,1,3
BRDA:82,4,0,3
BRDA:82,4,1,0
BRDA:82,4,2,0
BRDA:130,5,0,2
BRDA:130,5,1,0
BRDA:130,5,2,0
BRDA:131,6,0,0
BRDA:131,6,1,0
BRDA:142,7,0,0
BRDA:142,7,1,2
BRDA:145,8,0,0
BRDA:145,8,1,2
BRDA:148,9,0,2
BRDA:148,9,1,0
BRDA:169,10,0,3
BRDA:169,10,1,2
BRF:24
BRH:13
end_of_record
TN:
SF:src\components\Blog.jsx
FN:5,Blog
FN:31,clickLikeButton
FN:33,(anonymous_2)
FN:39,(anonymous_3)
FN:42,clickButtonDelete
FN:45,(anonymous_5)
FN:52,(anonymous_6)
FN:60,returnDeleteButton
FN:63,(anonymous_8)
FN:82,(anonymous_9)
FN:103,(anonymous_10)
FN:114,(anonymous_11)
FNF:12
FNH:0
FNDA:0,Blog
FNDA:0,clickLikeButton
FNDA:0,(anonymous_2)
FNDA:0,(anonymous_3)
FNDA:0,clickButtonDelete
FNDA:0,(anonymous_5)
FNDA:0,(anonymous_6)
FNDA:0,returnDeleteButton
FNDA:0,(anonymous_8)
FNDA:0,(anonymous_9)
FNDA:0,(anonymous_10)
FNDA:0,(anonymous_11)
DA:14,0
DA:24,0
DA:26,0
DA:27,0
DA:28,0
DA:29,0
DA:32,0
DA:34,0
DA:35,0
DA:36,0
DA:39,0
DA:43,0
DA:44,0
DA:46,0
DA:47,0
DA:48,0
DA:49,0
DA:52,0
DA:54,0
DA:55,0
DA:56,0
DA:61,0
DA:63,0
DA:69,0
DA:70,0
DA:83,0
DA:91,0
DA:104,0
DA:115,0
LF:29
LH:0
BRDA:43,0,0,0
BRDA:43,0,1,0
BRDA:69,1,0,0
BRDA:69,1,1,0
BRDA:81,2,0,0
BRDA:81,2,1,0
BRDA:86,3,0,0
BRDA:86,3,1,0
BRDA:107,4,0,0
BRDA:107,4,1,0
BRDA:123,5,0,0
BRDA:123,5,1,0
BRF:12
BRH:0
end_of_record
TN:
SF:src\components\CreateNewBlog.jsx
FN:6,CreateNewBlog
FN:26,clickCreateBlog
FN:28,(anonymous_2)
FN:34,(anonymous_3)
FN:45,(anonymous_4)
FN:54,(anonymous_5)
FN:63,(anonymous_6)
FN:70,(anonymous_7)
FN:74,(anonymous_8)
FNF:9
FNH:6
FNDA:27,CreateNewBlog
FNDA:1,clickCreateBlog
FNDA:0,(anonymous_2)
FNDA:0,(anonymous_3)
FNDA:9,(anonymous_4)
FNDA:10,(anonymous_5)
FNDA:7,(anonymous_6)
FNDA:1,(anonymous_7)
FNDA:0,(anonymous_8)
DA:14,27
DA:22,27
DA:23,27
DA:24,27
DA:27,1
DA:29,0
DA:30,0
DA:31,0
DA:32,0
DA:34,0
DA:37,27
DA:45,9
DA:54,10
DA:63,7
DA:70,1
DA:74,0
LF:16
LH:10
BRF:0
BRH:0
end_of_record
TN:
SF:src\services\blogs.js
FN:4,(anonymous_0)
FN:13,createNewBlog
FN:25,(anonymous_2)
FN:28,likeButton
FN:45,deleteBlog
FNF:5
FNH:2
FNDA:2,(anonymous_0)
FNDA:1,createNewBlog
FNDA:0,(anonymous_2)
FNDA:0,likeButton
FNDA:0,deleteBlog
DA:2,1
DA:4,1
DA:5,2
DA:7,2
DA:10,2
DA:14,1
DA:21,1
DA:23,1
DA:25,0
DA:29,0
DA:37,0
DA:39,0
DA:46,0
DA:48,0
LF:14
LH:8
BRF:0
BRH:0
end_of_record
TN:
SF:src\services\login.js
FN:5,(anonymous_0)
FNF:1
FNH:1
FNDA:1,(anonymous_0)
DA:3,1
DA:5,1
DA:6,1
DA:7,1
LF:4
LH:4
BRF:0
BRH:0
end_of_record
